83.53482985496521
168.45766139030457
245.07196068763733
86.02159547805786
173.01527786254883
250.8466989994049
94.04193449020386
188.4040834903717
274.58136534690857
84.91715264320374
170.01455092430115
248.85333895683289
38.32945275306702
77.01891803741455
107.29156947135925
44.23870849609375
88.589852809906
123.11026954650879
38.91783022880554
78.26521062850952
107.9899971485138
33.9236798286438
73.30329155921936
102.80040764808655
274.4000127315521
535.6631724834442
778.0113418102264
331.50207781791687
652.3554701805115
960.7086446285248
294.3370943069458
578.3734352588654
845.8870460987091
183.92224144935608
363.98204350471497
537.3516871929169
24.9587185382843
53.663363218307495
72.60404634475708
25.195839166641235
53.99521350860596
73.08762264251709
21.44345211982727
45.8413941860199
62.636953830718994
28.31246304512024
57.16651940345764
76.93890929222107
83.91068887710571
167.84981536865234
243.01141667366028
80.95169997215271
159.2917308807373
229.9654791355133
80.99666547775269
160.25340509414673
231.02442169189453
76.76217937469482
150.5140700340271
215.11068725585938
26.478960752487183
69.86297178268433
97.04857611656189
26.957431077957153
70.4428460597992
98.52680349349976
21.371780395507812
56.521902084350586
79.92309880256653
30.17649793624878
77.62056756019592
109.24403357505798
10.651256799697876
28.15220832824707
40.158133029937744
10.78150463104248
28.378973960876465
40.3043098449707
11.172942399978638
30.56563425064087
43.42794942855835
10.733143329620361
28.096611976623535
40.079116344451904
21.438465118408203
42.955235958099365
57.1456139087677
24.88731288909912
49.71027994155884
66.73548245429993
22.00784969329834
44.11994528770447
60.436771869659424
24.832108736038208
49.55985999107361
66.77782535552979
15.249847650527954
37.047715187072754
54.55809164047241
15.504891633987427
37.20501971244812
54.741947889328
15.02182912826538
36.44151854515076
53.86500000953674
15.449177742004395
37.57090735435486
55.22996282577515
10.45819640159607
25.321409940719604
36.60030937194824
11.152688026428223
28.425029516220093
40.68105888366699
11.238967180252075
28.95587158203125
41.32136416435242
11.030687808990479
28.955589294433594
41.12536978721619
