180.10383868217468
368.7767713069916
507.01678490638733
208.01616644859314
424.4951550960541
588.8121190071106
Traceback (most recent call last):
  File "xgboost_hyper_Py_7.py", line 395, in <module>
    run_time = get_best_parameters(data_name,sigmas)
  File "xgboost_hyper_Py_7.py", line 280, in get_best_parameters
    etas,max_depths,error_results = grid_search_cv(X, y_lower, y_upper, distribution,sigma)
  File "xgboost_hyper_Py_7.py", line 182, in grid_search_cv
    error_result = grid_search_cv_step(X, y_lower, y_upper, Kfolds, params, num_round, distribution_sigma)
  File "xgboost_hyper_Py_7.py", line 120, in grid_search_cv_step
    res = res + trainModel(tr_x,vl_x,tr_y_lower,tr_y_upper,vl_y_lower,vl_y_upper,params,num_round,distribution_sigma)
  File "xgboost_hyper_Py_7.py", line 107, in trainModel
    bst    = xgb.train(params,dtrain,num_boost_round=num_round,evals=[(dtrain,"train"),(dtest,"test")],evals_result=res,verbose_eval=False)
  File "/home/ubuntu/xgboost/python-package/xgboost/training.py", line 219, in train
    xgb_model=xgb_model, callbacks=callbacks)
  File "/home/ubuntu/xgboost/python-package/xgboost/training.py", line 74, in _train_internal
    bst.update(dtrain, i, obj)
  File "/home/ubuntu/xgboost/python-package/xgboost/core.py", line 1182, in update
    dtrain.handle))
KeyboardInterrupt
